Compiled jquery.js  (21ms)  (pid 36533)
Compiled jquery_ujs.js  (0ms)  (pid 36533)
Compiled jquery.masonry.min.js  (0ms)  (pid 36533)
Compiled tinymce/preinit.js  (0ms)  (pid 36533)
Compiled tinymce/tinymce_jquery.js  (1ms)  (pid 36533)
Compiled tinymce/jquery.tinymce.js  (0ms)  (pid 36533)
Compiled tinymce-jquery.js  (178ms)  (pid 36533)
Compiled bootstrap-transition.js  (0ms)  (pid 36533)
Compiled bootstrap-affix.js  (0ms)  (pid 36533)
Compiled bootstrap-alert.js  (0ms)  (pid 36533)
Compiled bootstrap-button.js  (0ms)  (pid 36533)
Compiled bootstrap-carousel.js  (0ms)  (pid 36533)
Compiled bootstrap-collapse.js  (0ms)  (pid 36533)
Compiled bootstrap-dropdown.js  (0ms)  (pid 36533)
Compiled bootstrap-modal.js  (0ms)  (pid 36533)
Compiled bootstrap-scrollspy.js  (0ms)  (pid 36533)
Compiled bootstrap-tab.js  (0ms)  (pid 36533)
Compiled bootstrap-tooltip.js  (0ms)  (pid 36533)
Compiled bootstrap-popover.js  (0ms)  (pid 36533)
Compiled bootstrap-typeahead.js  (0ms)  (pid 36533)
Compiled bootstrap.js  (90ms)  (pid 36533)
Compiled mediaelement_rails/mediaelement.js  (0ms)  (pid 36533)
Compiled mediaelement_rails/rails.js  (15ms)  (pid 36533)
Compiled mediaelement_rails/mediaelementplayer.js  (0ms)  (pid 36533)
Compiled mediaelement_rails/index.js  (46ms)  (pid 36533)
Compiled social-share-button.js  (210ms)  (pid 36533)
Compiled 360player.js  (0ms)  (pid 36533)
Compiled berniecode-animator.js  (0ms)  (pid 36533)
Compiled excanvas.js  (0ms)  (pid 36533)
Compiled application.js  (819ms)  (pid 36533)
Compiled mediaelement_rails/mediaelementplayer.css  (41ms)  (pid 36533)
Compiled mediaelement_rails/index.css  (46ms)  (pid 36533)
Compiled mediaelement_rails/mejs-skins.css  (15ms)  (pid 36533)
Compiled 360player-visualization.css  (0ms)  (pid 36533)
Compiled 360player.css  (0ms)  (pid 36533)
Compiled demo.css  (0ms)  (pid 36533)
Compiled application.css  (96ms)  (pid 36533)
Compiled tinymce/tinymce.js  (1ms)  (pid 36533)
Compiled tinymce.js  (10ms)  (pid 36533)
Compiled jquery.js  (2ms)  (pid 36533)
Compiled jquery_ujs.js  (0ms)  (pid 36533)
Compiled jquery.masonry.min.js  (0ms)  (pid 36533)
Compiled tinymce/preinit.js  (0ms)  (pid 36533)
Compiled tinymce/tinymce_jquery.js  (1ms)  (pid 36533)
Compiled tinymce/jquery.tinymce.js  (0ms)  (pid 36533)
Compiled tinymce-jquery.js  (20ms)  (pid 36533)
Compiled bootstrap-transition.js  (0ms)  (pid 36533)
Compiled bootstrap-affix.js  (0ms)  (pid 36533)
Compiled bootstrap-alert.js  (0ms)  (pid 36533)
Compiled bootstrap-button.js  (0ms)  (pid 36533)
Compiled bootstrap-carousel.js  (0ms)  (pid 36533)
Compiled bootstrap-collapse.js  (0ms)  (pid 36533)
Compiled bootstrap-dropdown.js  (0ms)  (pid 36533)
Compiled bootstrap-modal.js  (0ms)  (pid 36533)
Compiled bootstrap-scrollspy.js  (0ms)  (pid 36533)
Compiled bootstrap-tab.js  (0ms)  (pid 36533)
Compiled bootstrap-tooltip.js  (0ms)  (pid 36533)
Compiled bootstrap-popover.js  (0ms)  (pid 36533)
Compiled bootstrap-typeahead.js  (0ms)  (pid 36533)
Compiled bootstrap.js  (94ms)  (pid 36533)
Compiled mediaelement_rails/mediaelement.js  (1ms)  (pid 36533)
Compiled mediaelement_rails/rails.js  (7ms)  (pid 36533)
Compiled mediaelement_rails/mediaelementplayer.js  (0ms)  (pid 36533)
Compiled mediaelement_rails/index.js  (18ms)  (pid 36533)
Compiled social-share-button.js  (197ms)  (pid 36533)
Compiled 360player.js  (0ms)  (pid 36533)
Compiled berniecode-animator.js  (0ms)  (pid 36533)
Compiled excanvas.js  (0ms)  (pid 36533)
Compiled application.js  (431ms)  (pid 36533)
Compiled mediaelement_rails/mediaelementplayer.css  (11ms)  (pid 36533)
Compiled mediaelement_rails/index.css  (17ms)  (pid 36533)
Compiled mediaelement_rails/mejs-skins.css  (5ms)  (pid 36533)
Compiled 360player-visualization.css  (0ms)  (pid 36533)
Compiled 360player.css  (0ms)  (pid 36533)
Compiled demo.css  (0ms)  (pid 36533)
Compiled application.css  (49ms)  (pid 36533)
Compiled tinymce/tinymce.js  (2ms)  (pid 36533)
Compiled tinymce.js  (10ms)  (pid 36533)
Compiled jquery.js  (1ms)  (pid 37343)
Compiled jquery_ujs.js  (0ms)  (pid 37343)
Compiled jquery.masonry.min.js  (0ms)  (pid 37343)
Compiled tinymce/preinit.js  (0ms)  (pid 37343)
Compiled tinymce/tinymce_jquery.js  (1ms)  (pid 37343)
Compiled tinymce/jquery.tinymce.js  (0ms)  (pid 37343)
Compiled tinymce-jquery.js  (53ms)  (pid 37343)
Compiled bootstrap-transition.js  (0ms)  (pid 37343)
Compiled bootstrap-affix.js  (0ms)  (pid 37343)
Compiled bootstrap-alert.js  (0ms)  (pid 37343)
Compiled bootstrap-button.js  (0ms)  (pid 37343)
Compiled bootstrap-carousel.js  (0ms)  (pid 37343)
Compiled bootstrap-collapse.js  (0ms)  (pid 37343)
Compiled bootstrap-dropdown.js  (0ms)  (pid 37343)
Compiled bootstrap-modal.js  (0ms)  (pid 37343)
Compiled bootstrap-scrollspy.js  (0ms)  (pid 37343)
Compiled bootstrap-tab.js  (0ms)  (pid 37343)
Compiled bootstrap-tooltip.js  (0ms)  (pid 37343)
Compiled bootstrap-popover.js  (0ms)  (pid 37343)
Compiled bootstrap-typeahead.js  (0ms)  (pid 37343)
Compiled bootstrap.js  (81ms)  (pid 37343)
Compiled social-share-button.js  (219ms)  (pid 37343)
Compiled 360player.js  (0ms)  (pid 37343)
Compiled berniecode-animator.js  (0ms)  (pid 37343)
Compiled excanvas.js  (0ms)  (pid 37343)
Compiled soundmanager2-jsmin.js  (0ms)  (pid 37343)
Compiled soundmanager2-nodebug-jsmin.js  (0ms)  (pid 37343)
Compiled soundmanager2-nodebug.js  (0ms)  (pid 37343)
Compiled soundmanager2.js  (1ms)  (pid 37343)
Compiled application.js  (602ms)  (pid 37343)
Compiled mediaelement_rails/mediaelementplayer.css  (41ms)  (pid 37343)
Compiled mediaelement_rails/index.css  (46ms)  (pid 37343)
Compiled mediaelement_rails/mejs-skins.css  (17ms)  (pid 37343)
Compiled 360player-visualization.css  (0ms)  (pid 37343)
Compiled 360player.css  (0ms)  (pid 37343)
Compiled comments.css  (32ms)  (pid 37343)
Compiled custom.css  (1625ms)  (pid 37343)
Compiled demo.css  (0ms)  (pid 37343)
Compiled messages.css  (1ms)  (pid 37343)
Compiled pages.css  (1ms)  (pid 37343)
Compiled scaffolds.css  (8ms)  (pid 37343)
Compiled songs.css  (1ms)  (pid 37343)
Compiled users.css  (1ms)  (pid 37343)
Compiled videos.css  (1ms)  (pid 37343)
Compiled application.css  (1816ms)  (pid 37343)
Compiled tinymce/tinymce.js  (2ms)  (pid 37343)
Compiled tinymce.js  (23ms)  (pid 37343)
Compiled jquery.js  (1ms)  (pid 37343)
Compiled jquery_ujs.js  (0ms)  (pid 37343)
Compiled jquery.masonry.min.js  (0ms)  (pid 37343)
Compiled tinymce/preinit.js  (0ms)  (pid 37343)
Compiled tinymce/tinymce_jquery.js  (1ms)  (pid 37343)
Compiled tinymce/jquery.tinymce.js  (0ms)  (pid 37343)
Compiled tinymce-jquery.js  (17ms)  (pid 37343)
Compiled bootstrap-transition.js  (0ms)  (pid 37343)
Compiled bootstrap-affix.js  (0ms)  (pid 37343)
Compiled bootstrap-alert.js  (0ms)  (pid 37343)
Compiled bootstrap-button.js  (0ms)  (pid 37343)
Compiled bootstrap-carousel.js  (0ms)  (pid 37343)
Compiled bootstrap-collapse.js  (0ms)  (pid 37343)
Compiled bootstrap-dropdown.js  (0ms)  (pid 37343)
Compiled bootstrap-modal.js  (0ms)  (pid 37343)
Compiled bootstrap-scrollspy.js  (0ms)  (pid 37343)
Compiled bootstrap-tab.js  (0ms)  (pid 37343)
Compiled bootstrap-tooltip.js  (0ms)  (pid 37343)
Compiled bootstrap-popover.js  (0ms)  (pid 37343)
Compiled bootstrap-typeahead.js  (0ms)  (pid 37343)
Compiled bootstrap.js  (81ms)  (pid 37343)
Compiled social-share-button.js  (179ms)  (pid 37343)
Compiled 360player.js  (0ms)  (pid 37343)
Compiled berniecode-animator.js  (0ms)  (pid 37343)
Compiled excanvas.js  (0ms)  (pid 37343)
Compiled soundmanager2-jsmin.js  (0ms)  (pid 37343)
Compiled soundmanager2-nodebug-jsmin.js  (0ms)  (pid 37343)
Compiled soundmanager2-nodebug.js  (0ms)  (pid 37343)
Compiled soundmanager2.js  (1ms)  (pid 37343)
Compiled application.js  (400ms)  (pid 37343)
Compiled mediaelement_rails/mediaelementplayer.css  (12ms)  (pid 37343)
Compiled mediaelement_rails/index.css  (16ms)  (pid 37343)
Compiled mediaelement_rails/mejs-skins.css  (4ms)  (pid 37343)
Compiled 360player-visualization.css  (0ms)  (pid 37343)
Compiled 360player.css  (0ms)  (pid 37343)
Compiled comments.css  (8ms)  (pid 37343)
Compiled custom.css  (1526ms)  (pid 37343)
Compiled demo.css  (0ms)  (pid 37343)
Compiled messages.css  (1ms)  (pid 37343)
Compiled pages.css  (0ms)  (pid 37343)
Compiled scaffolds.css  (7ms)  (pid 37343)
Compiled songs.css  (0ms)  (pid 37343)
Compiled users.css  (0ms)  (pid 37343)
Compiled videos.css  (0ms)  (pid 37343)
Compiled application.css  (1627ms)  (pid 37343)
Compiled tinymce/tinymce.js  (2ms)  (pid 37343)
Compiled tinymce.js  (10ms)  (pid 37343)
Compiled jquery.js  (1ms)  (pid 37407)
Compiled jquery_ujs.js  (0ms)  (pid 37407)
Compiled jquery.masonry.min.js  (0ms)  (pid 37407)
Compiled tinymce/preinit.js  (0ms)  (pid 37407)
Compiled tinymce/tinymce_jquery.js  (1ms)  (pid 37407)
Compiled tinymce/jquery.tinymce.js  (0ms)  (pid 37407)
Compiled tinymce-jquery.js  (34ms)  (pid 37407)
Compiled bootstrap-transition.js  (0ms)  (pid 37407)
Compiled bootstrap-affix.js  (0ms)  (pid 37407)
Compiled bootstrap-alert.js  (0ms)  (pid 37407)
Compiled bootstrap-button.js  (0ms)  (pid 37407)
Compiled bootstrap-carousel.js  (0ms)  (pid 37407)
Compiled bootstrap-collapse.js  (0ms)  (pid 37407)
Compiled bootstrap-dropdown.js  (0ms)  (pid 37407)
Compiled bootstrap-modal.js  (0ms)  (pid 37407)
Compiled bootstrap-scrollspy.js  (0ms)  (pid 37407)
Compiled bootstrap-tab.js  (0ms)  (pid 37407)
Compiled bootstrap-tooltip.js  (0ms)  (pid 37407)
Compiled bootstrap-popover.js  (0ms)  (pid 37407)
Compiled bootstrap-typeahead.js  (0ms)  (pid 37407)
Compiled bootstrap.js  (77ms)  (pid 37407)
Compiled mediaelement_rails/mediaelement.js  (0ms)  (pid 37407)
Compiled mediaelement_rails/rails.js  (33ms)  (pid 37407)
Compiled mediaelement_rails/mediaelementplayer.js  (0ms)  (pid 37407)
Compiled mediaelement_rails/index.js  (43ms)  (pid 37407)
Compiled social-share-button.js  (212ms)  (pid 37407)
Compiled 360player.js  (0ms)  (pid 37407)
Compiled berniecode-animator.js  (0ms)  (pid 37407)
Compiled excanvas.js  (0ms)  (pid 37407)
Compiled mediaelement-and-player.min.js  (0ms)  (pid 37407)
Compiled soundmanager2-jsmin.js  (0ms)  (pid 37407)
Compiled soundmanager2-nodebug-jsmin.js  (0ms)  (pid 37407)
Compiled soundmanager2-nodebug.js  (0ms)  (pid 37407)
Compiled soundmanager2.js  (1ms)  (pid 37407)
Compiled application.js  (479ms)  (pid 37407)
Compiled mediaelement_rails/mediaelementplayer.css  (42ms)  (pid 37407)
Compiled mediaelement_rails/index.css  (47ms)  (pid 37407)
Compiled mediaelement_rails/mejs-skins.css  (18ms)  (pid 37407)
Compiled 360player-visualization.css  (0ms)  (pid 37407)
Compiled 360player.css  (0ms)  (pid 37407)
Compiled comments.css  (24ms)  (pid 37407)
Compiled custom.css  (1532ms)  (pid 37407)
Compiled demo.css  (0ms)  (pid 37407)
Compiled mediaelementplayer.min.css  (0ms)  (pid 37407)
Compiled messages.css  (1ms)  (pid 37407)
Compiled pages.css  (1ms)  (pid 37407)
Compiled scaffolds.css  (9ms)  (pid 37407)
Compiled songs.css  (1ms)  (pid 37407)
Compiled users.css  (1ms)  (pid 37407)
Compiled videos.css  (1ms)  (pid 37407)
Compiled application.css  (1700ms)  (pid 37407)
Compiled tinymce/tinymce.js  (1ms)  (pid 37407)
Compiled tinymce.js  (10ms)  (pid 37407)
Compiled jquery.js  (1ms)  (pid 37407)
Compiled jquery_ujs.js  (0ms)  (pid 37407)
Compiled jquery.masonry.min.js  (0ms)  (pid 37407)
Compiled tinymce/preinit.js  (0ms)  (pid 37407)
Compiled tinymce/tinymce_jquery.js  (1ms)  (pid 37407)
Compiled tinymce/jquery.tinymce.js  (0ms)  (pid 37407)
Compiled tinymce-jquery.js  (15ms)  (pid 37407)
Compiled bootstrap-transition.js  (0ms)  (pid 37407)
Compiled bootstrap-affix.js  (0ms)  (pid 37407)
Compiled bootstrap-alert.js  (0ms)  (pid 37407)
Compiled bootstrap-button.js  (0ms)  (pid 37407)
Compiled bootstrap-carousel.js  (0ms)  (pid 37407)
Compiled bootstrap-collapse.js  (0ms)  (pid 37407)
Compiled bootstrap-dropdown.js  (0ms)  (pid 37407)
Compiled bootstrap-modal.js  (0ms)  (pid 37407)
Compiled bootstrap-scrollspy.js  (0ms)  (pid 37407)
Compiled bootstrap-tab.js  (0ms)  (pid 37407)
Compiled bootstrap-tooltip.js  (0ms)  (pid 37407)
Compiled bootstrap-popover.js  (0ms)  (pid 37407)
Compiled bootstrap-typeahead.js  (0ms)  (pid 37407)
Compiled bootstrap.js  (76ms)  (pid 37407)
Compiled mediaelement_rails/mediaelement.js  (0ms)  (pid 37407)
Compiled mediaelement_rails/rails.js  (5ms)  (pid 37407)
Compiled mediaelement_rails/mediaelementplayer.js  (0ms)  (pid 37407)
Compiled mediaelement_rails/index.js  (14ms)  (pid 37407)
Compiled social-share-button.js  (186ms)  (pid 37407)
Compiled 360player.js  (0ms)  (pid 37407)
Compiled berniecode-animator.js  (0ms)  (pid 37407)
Compiled excanvas.js  (0ms)  (pid 37407)
Compiled mediaelement-and-player.min.js  (0ms)  (pid 37407)
Compiled soundmanager2-jsmin.js  (0ms)  (pid 37407)
Compiled soundmanager2-nodebug-jsmin.js  (0ms)  (pid 37407)
Compiled soundmanager2-nodebug.js  (21ms)  (pid 37407)
Compiled soundmanager2.js  (1ms)  (pid 37407)
Compiled application.js  (423ms)  (pid 37407)
Compiled mediaelement_rails/mediaelementplayer.css  (10ms)  (pid 37407)
Compiled mediaelement_rails/index.css  (14ms)  (pid 37407)
Compiled mediaelement_rails/mejs-skins.css  (4ms)  (pid 37407)
Compiled 360player-visualization.css  (0ms)  (pid 37407)
Compiled 360player.css  (0ms)  (pid 37407)
Compiled comments.css  (8ms)  (pid 37407)
Compiled custom.css  (1514ms)  (pid 37407)
Compiled demo.css  (0ms)  (pid 37407)
Compiled mediaelementplayer.min.css  (0ms)  (pid 37407)
Compiled messages.css  (1ms)  (pid 37407)
Compiled pages.css  (0ms)  (pid 37407)
Compiled scaffolds.css  (8ms)  (pid 37407)
Compiled songs.css  (1ms)  (pid 37407)
Compiled users.css  (1ms)  (pid 37407)
Compiled videos.css  (1ms)  (pid 37407)
Compiled application.css  (1614ms)  (pid 37407)
Compiled tinymce/tinymce.js  (2ms)  (pid 37407)
Compiled tinymce.js  (10ms)  (pid 37407)
Compiled jquery.js  (21ms)  (pid 37876)
Compiled jquery_ujs.js  (0ms)  (pid 37876)
Compiled jquery.masonry.min.js  (0ms)  (pid 37876)
Compiled tinymce/preinit.js  (0ms)  (pid 37876)
Compiled tinymce/tinymce_jquery.js  (1ms)  (pid 37876)
Compiled tinymce/jquery.tinymce.js  (0ms)  (pid 37876)
Compiled tinymce-jquery.js  (34ms)  (pid 37876)
Compiled bootstrap-transition.js  (0ms)  (pid 37876)
Compiled bootstrap-affix.js  (0ms)  (pid 37876)
Compiled bootstrap-alert.js  (0ms)  (pid 37876)
Compiled bootstrap-button.js  (0ms)  (pid 37876)
Compiled bootstrap-carousel.js  (0ms)  (pid 37876)
Compiled bootstrap-collapse.js  (0ms)  (pid 37876)
Compiled bootstrap-dropdown.js  (0ms)  (pid 37876)
Compiled bootstrap-modal.js  (0ms)  (pid 37876)
Compiled bootstrap-scrollspy.js  (0ms)  (pid 37876)
Compiled bootstrap-tab.js  (0ms)  (pid 37876)
Compiled bootstrap-tooltip.js  (0ms)  (pid 37876)
Compiled bootstrap-popover.js  (0ms)  (pid 37876)
Compiled bootstrap-typeahead.js  (0ms)  (pid 37876)
Compiled bootstrap.js  (81ms)  (pid 37876)
Compiled social-share-button.js  (181ms)  (pid 37876)
Compiled 360player.js  (0ms)  (pid 37876)
Compiled animator.js  (0ms)  (pid 37876)
Compiled berniecode-animator.js  (0ms)  (pid 37876)
Compiled excanvas.js  (0ms)  (pid 37876)
Compiled mediaelement-and-player.min.js  (0ms)  (pid 37876)
Compiled soundmanager2-jsmin.js  (0ms)  (pid 37876)
Compiled soundmanager2-nodebug-jsmin.js  (0ms)  (pid 37876)
Compiled soundmanager2-nodebug.js  (0ms)  (pid 37876)
Compiled soundmanager2.js  (1ms)  (pid 37876)
Compiled application.js  (436ms)  (pid 37876)
Compiled mediaelement_rails/mediaelementplayer.css  (37ms)  (pid 37876)
Compiled mediaelement_rails/index.css  (41ms)  (pid 37876)
Compiled mediaelement_rails/mejs-skins.css  (15ms)  (pid 37876)
Compiled 360player-visualization.css  (0ms)  (pid 37876)
Compiled 360player.css  (0ms)  (pid 37876)
Compiled comments.css  (34ms)  (pid 37876)
Compiled custom.css  (1587ms)  (pid 37876)
Compiled demo.css  (0ms)  (pid 37876)
Compiled mediaelementplayer.min.css  (0ms)  (pid 37876)
Compiled messages.css  (0ms)  (pid 37876)
Compiled pages.css  (0ms)  (pid 37876)
Compiled scaffolds.css  (7ms)  (pid 37876)
Compiled songs.css  (1ms)  (pid 37876)
Compiled users.css  (0ms)  (pid 37876)
Compiled videos.css  (0ms)  (pid 37876)
Compiled application.css  (1757ms)  (pid 37876)
Compiled tinymce/tinymce.js  (1ms)  (pid 37876)
Compiled tinymce.js  (17ms)  (pid 37876)
Compiled jquery.js  (1ms)  (pid 37876)
Compiled jquery_ujs.js  (0ms)  (pid 37876)
Compiled jquery.masonry.min.js  (0ms)  (pid 37876)
Compiled tinymce/preinit.js  (0ms)  (pid 37876)
Compiled tinymce/tinymce_jquery.js  (1ms)  (pid 37876)
Compiled tinymce/jquery.tinymce.js  (0ms)  (pid 37876)
Compiled tinymce-jquery.js  (17ms)  (pid 37876)
Compiled bootstrap-transition.js  (0ms)  (pid 37876)
Compiled bootstrap-affix.js  (0ms)  (pid 37876)
Compiled bootstrap-alert.js  (0ms)  (pid 37876)
Compiled bootstrap-button.js  (0ms)  (pid 37876)
Compiled bootstrap-carousel.js  (0ms)  (pid 37876)
Compiled bootstrap-collapse.js  (0ms)  (pid 37876)
Compiled bootstrap-dropdown.js  (0ms)  (pid 37876)
Compiled bootstrap-modal.js  (0ms)  (pid 37876)
Compiled bootstrap-scrollspy.js  (0ms)  (pid 37876)
Compiled bootstrap-tab.js  (0ms)  (pid 37876)
Compiled bootstrap-tooltip.js  (0ms)  (pid 37876)
Compiled bootstrap-popover.js  (0ms)  (pid 37876)
Compiled bootstrap-typeahead.js  (0ms)  (pid 37876)
Compiled bootstrap.js  (80ms)  (pid 37876)
Compiled social-share-button.js  (178ms)  (pid 37876)
Compiled 360player.js  (0ms)  (pid 37876)
Compiled animator.js  (0ms)  (pid 37876)
Compiled berniecode-animator.js  (0ms)  (pid 37876)
Compiled excanvas.js  (0ms)  (pid 37876)
Compiled mediaelement-and-player.min.js  (0ms)  (pid 37876)
Compiled soundmanager2-jsmin.js  (0ms)  (pid 37876)
Compiled soundmanager2-nodebug-jsmin.js  (0ms)  (pid 37876)
Compiled soundmanager2-nodebug.js  (0ms)  (pid 37876)
Compiled soundmanager2.js  (1ms)  (pid 37876)
Compiled application.js  (404ms)  (pid 37876)
Compiled mediaelement_rails/mediaelementplayer.css  (11ms)  (pid 37876)
Compiled mediaelement_rails/index.css  (16ms)  (pid 37876)
Compiled mediaelement_rails/mejs-skins.css  (4ms)  (pid 37876)
Compiled 360player-visualization.css  (0ms)  (pid 37876)
Compiled 360player.css  (0ms)  (pid 37876)
Compiled comments.css  (8ms)  (pid 37876)
Compiled custom.css  (1596ms)  (pid 37876)
Compiled demo.css  (0ms)  (pid 37876)
Compiled mediaelementplayer.min.css  (0ms)  (pid 37876)
Compiled messages.css  (1ms)  (pid 37876)
Compiled pages.css  (0ms)  (pid 37876)
Compiled scaffolds.css  (8ms)  (pid 37876)
Compiled songs.css  (1ms)  (pid 37876)
Compiled users.css  (1ms)  (pid 37876)
Compiled videos.css  (1ms)  (pid 37876)
Compiled application.css  (1698ms)  (pid 37876)
Compiled tinymce/tinymce.js  (1ms)  (pid 37876)
Compiled tinymce.js  (8ms)  (pid 37876)
Compiled jquery.js  (2ms)  (pid 15461)
Compiled jquery_ujs.js  (0ms)  (pid 15461)
Compiled jquery.masonry.min.js  (0ms)  (pid 15461)
Compiled tinymce/preinit.js  (0ms)  (pid 15461)
Compiled tinymce/tinymce_jquery.js  (2ms)  (pid 15461)
Compiled tinymce/jquery.tinymce.js  (0ms)  (pid 15461)
Compiled tinymce-jquery.js  (13ms)  (pid 15461)
Compiled bootstrap-transition.js  (0ms)  (pid 15461)
Compiled bootstrap-affix.js  (0ms)  (pid 15461)
Compiled bootstrap-alert.js  (0ms)  (pid 15461)
Compiled bootstrap-button.js  (0ms)  (pid 15461)
Compiled bootstrap-carousel.js  (0ms)  (pid 15461)
Compiled bootstrap-collapse.js  (0ms)  (pid 15461)
Compiled bootstrap-dropdown.js  (0ms)  (pid 15461)
Compiled bootstrap-modal.js  (0ms)  (pid 15461)
Compiled bootstrap-scrollspy.js  (0ms)  (pid 15461)
Compiled bootstrap-tab.js  (0ms)  (pid 15461)
Compiled bootstrap-tooltip.js  (0ms)  (pid 15461)
Compiled bootstrap-popover.js  (0ms)  (pid 15461)
Compiled bootstrap-typeahead.js  (0ms)  (pid 15461)
Compiled bootstrap.js  (42ms)  (pid 15461)
Compiled social-share-button.js  (162ms)  (pid 15461)
Compiled 360player.js  (0ms)  (pid 15461)
Compiled animator.js  (0ms)  (pid 15461)
Compiled berniecode-animator.js  (0ms)  (pid 15461)
Compiled comments.js  (140ms)  (pid 15461)
Compiled demo-slider-controls.js  (0ms)  (pid 15461)
Compiled excanvas.js  (0ms)  (pid 15461)
Compiled mediaelement-and-player.min.js  (0ms)  (pid 15461)
Compiled messages.js  (105ms)  (pid 15461)
Compiled pages.js  (106ms)  (pid 15461)
Compiled songs.js  (107ms)  (pid 15461)
Compiled soundmanager2-jsmin.js  (1ms)  (pid 15461)
Compiled soundmanager2-nodebug-jsmin.js  (0ms)  (pid 15461)
Compiled soundmanager2-nodebug.js  (1ms)  (pid 15461)
Compiled soundmanager2.js  (2ms)  (pid 15461)
Compiled users.js  (106ms)  (pid 15461)
Compiled videos.js  (106ms)  (pid 15461)
Compiled yoddles.js  (119ms)  (pid 15461)
Compiled application.js  (1149ms)  (pid 15461)
Compiled mediaelement_rails/mediaelementplayer.css  (40ms)  (pid 15461)
Compiled mediaelement_rails/index.css  (44ms)  (pid 15461)
Compiled mediaelement_rails/mejs-skins.css  (21ms)  (pid 15461)
Compiled 360player-visualization.css  (0ms)  (pid 15461)
Compiled 360player.css  (0ms)  (pid 15461)
Compiled comments.css  (5ms)  (pid 15461)
Compiled custom.css  (2021ms)  (pid 15461)
Compiled demo-slider-controls.css  (0ms)  (pid 15461)
Compiled demo.css  (0ms)  (pid 15461)
Compiled flashblock.css  (0ms)  (pid 15461)
Compiled mediaelementplayer.min.css  (0ms)  (pid 15461)
Compiled messages.css  (2ms)  (pid 15461)
Compiled pages.css  (1ms)  (pid 15461)
Compiled scaffolds.css  (139ms)  (pid 15461)
Compiled songs.css  (2ms)  (pid 15461)
Compiled users.css  (1ms)  (pid 15461)
Compiled videos.css  (1ms)  (pid 15461)
Compiled application.css  (2319ms)  (pid 15461)
Compiled tinymce/tinymce.js  (3ms)  (pid 15461)
Compiled tinymce.js  (14ms)  (pid 15461)
Compiled jquery.js  (2ms)  (pid 15461)
Compiled jquery_ujs.js  (0ms)  (pid 15461)
Compiled jquery.masonry.min.js  (0ms)  (pid 15461)
Compiled tinymce/preinit.js  (0ms)  (pid 15461)
Compiled tinymce/tinymce_jquery.js  (2ms)  (pid 15461)
Compiled tinymce/jquery.tinymce.js  (0ms)  (pid 15461)
Compiled tinymce-jquery.js  (16ms)  (pid 15461)
Compiled bootstrap-transition.js  (0ms)  (pid 15461)
Compiled bootstrap-affix.js  (0ms)  (pid 15461)
Compiled bootstrap-alert.js  (0ms)  (pid 15461)
Compiled bootstrap-button.js  (0ms)  (pid 15461)
Compiled bootstrap-carousel.js  (0ms)  (pid 15461)
Compiled bootstrap-collapse.js  (0ms)  (pid 15461)
Compiled bootstrap-dropdown.js  (0ms)  (pid 15461)
Compiled bootstrap-modal.js  (0ms)  (pid 15461)
Compiled bootstrap-scrollspy.js  (0ms)  (pid 15461)
Compiled bootstrap-tab.js  (0ms)  (pid 15461)
Compiled bootstrap-tooltip.js  (0ms)  (pid 15461)
Compiled bootstrap-popover.js  (0ms)  (pid 15461)
Compiled bootstrap-typeahead.js  (0ms)  (pid 15461)
Compiled bootstrap.js  (65ms)  (pid 15461)
Compiled social-share-button.js  (168ms)  (pid 15461)
Compiled 360player.js  (0ms)  (pid 15461)
Compiled animator.js  (0ms)  (pid 15461)
Compiled berniecode-animator.js  (0ms)  (pid 15461)
Compiled comments.js  (142ms)  (pid 15461)
Compiled demo-slider-controls.js  (0ms)  (pid 15461)
Compiled excanvas.js  (0ms)  (pid 15461)
Compiled mediaelement-and-player.min.js  (0ms)  (pid 15461)
Compiled messages.js  (114ms)  (pid 15461)
Compiled pages.js  (119ms)  (pid 15461)
Compiled songs.js  (108ms)  (pid 15461)
Compiled soundmanager2-jsmin.js  (0ms)  (pid 15461)
Compiled soundmanager2-nodebug-jsmin.js  (0ms)  (pid 15461)
Compiled soundmanager2-nodebug.js  (1ms)  (pid 15461)
Compiled soundmanager2.js  (27ms)  (pid 15461)
Compiled users.js  (113ms)  (pid 15461)
Compiled videos.js  (108ms)  (pid 15461)
Compiled yoddles.js  (136ms)  (pid 15461)
Compiled application.js  (1208ms)  (pid 15461)
Compiled mediaelement_rails/mediaelementplayer.css  (13ms)  (pid 15461)
Compiled mediaelement_rails/index.css  (19ms)  (pid 15461)
Compiled mediaelement_rails/mejs-skins.css  (4ms)  (pid 15461)
Compiled 360player-visualization.css  (0ms)  (pid 15461)
Compiled 360player.css  (0ms)  (pid 15461)
Compiled comments.css  (6ms)  (pid 15461)
Compiled custom.css  (1821ms)  (pid 15461)
Compiled demo-slider-controls.css  (0ms)  (pid 15461)
Compiled demo.css  (0ms)  (pid 15461)
Compiled flashblock.css  (0ms)  (pid 15461)
Compiled mediaelementplayer.min.css  (0ms)  (pid 15461)
Compiled messages.css  (1ms)  (pid 15461)
Compiled pages.css  (0ms)  (pid 15461)
Compiled scaffolds.css  (11ms)  (pid 15461)
Compiled songs.css  (1ms)  (pid 15461)
Compiled users.css  (1ms)  (pid 15461)
Compiled videos.css  (2ms)  (pid 15461)
Compiled application.css  (1931ms)  (pid 15461)
Compiled tinymce/tinymce.js  (4ms)  (pid 15461)
Compiled tinymce.js  (14ms)  (pid 15461)
